<?xml version="1.0" encoding="UTF-8"?>
<!-- Generated by org.testng.reporters.JUnitXMLReporter -->
<testsuite ignored="0" hostname="ATMECSINLT-028" failures="0" tests="4" name="Default test" time="29.03" errors="0" timestamp="2019-10-09T20:13:40 IST">
  <testcase classname="com.atmecs.konakart.script.ProductValidation" name="contentCorrectness" time="5.323"/>
  <testcase classname="com.atmecs.konakart.script.ProductValidation" name="contentCorrectness" time="0.182"/>
  <testcase classname="com.atmecs.konakart.script.ProductValidation" name="contentCorrectness" time="0.283"/>
  <testcase classname="com.atmecs.konakart.script.ProductValidation" name="customerReview" time="0.004"/>
</testsuite> <!-- Default test -->
