<?xml version="1.0" encoding="UTF-8"?>
<!-- Generated by org.testng.reporters.JUnitXMLReporter -->
<testsuite ignored="0" hostname="ATMECSINLT-028" failures="0" tests="2" name="Default test" time="17.608" errors="0" timestamp="2019-10-07T08:16:13 GMT-07:00">
  <testcase classname="com.atmecs.konakart.script.Searches" name="positiveSearches" time="0.0">
    <skipped/>
  </testcase> <!-- positiveSearches -->
  <testcase classname="com.atmecs.konakart.script.Searches" name="negativetiveSearches" time="0.0">
    <skipped/>
  </testcase> <!-- negativetiveSearches -->
</testsuite> <!-- Default test -->
