<?xml version="1.0" encoding="UTF-8"?>
<testng-results ignored="0" total="4" passed="4" failed="0" skipped="0">
  <reporter-output>
  </reporter-output>
  <suite started-at="2019-10-09T20:13:11 IST" name="Default suite" finished-at="2019-10-09T20:13:40 IST" duration-ms="29030">
    <groups>
    </groups>
    <test started-at="2019-10-09T20:13:11 IST" name="Default test" finished-at="2019-10-09T20:13:40 IST" duration-ms="29030">
      <class name="com.atmecs.konakart.script.ProductValidation">
        <test-method is-config="true" signature="browser()[pri:0, instance:com.atmecs.konakart.script.ProductValidation@d706f19]" started-at="2019-10-09T20:13:11 IST" name="browser" finished-at="2019-10-09T20:13:29 IST" duration-ms="18123" status="PASS">
          <reporter-output>
          </reporter-output>
        </test-method> <!-- browser -->
        <test-method signature="contentCorrectness(java.lang.String, java.lang.String)[pri:1, instance:com.atmecs.konakart.script.ProductValidation@d706f19]" started-at="2019-10-09T20:13:30 IST" name="contentCorrectness" data-provider="imgPath" finished-at="2019-10-09T20:13:35 IST" duration-ms="5323" status="PASS">
          <params>
            <param index="0">
              <value>
                <![CDATA[//div[text()="Product Description"]]]>
              </value>
            </param>
            <param index="1">
              <value>
                <![CDATA[//p[@style="clear:both"]]]>
              </value>
            </param>
          </params>
          <reporter-output>
          </reporter-output>
        </test-method> <!-- contentCorrectness -->
        <test-method signature="contentCorrectness(java.lang.String, java.lang.String)[pri:1, instance:com.atmecs.konakart.script.ProductValidation@d706f19]" started-at="2019-10-09T20:13:35 IST" name="contentCorrectness" data-provider="imgPath" finished-at="2019-10-09T20:13:35 IST" duration-ms="182" status="PASS">
          <params>
            <param index="0">
              <value>
                <![CDATA[//div[text()="Specifications"]]]>
              </value>
            </param>
            <param index="1">
              <value>
                <![CDATA[(//p[@style='clear:both'])[2]]]>
              </value>
            </param>
          </params>
          <reporter-output>
          </reporter-output>
        </test-method> <!-- contentCorrectness -->
        <test-method signature="contentCorrectness(java.lang.String, java.lang.String)[pri:1, instance:com.atmecs.konakart.script.ProductValidation@d706f19]" started-at="2019-10-09T20:13:35 IST" name="contentCorrectness" data-provider="imgPath" finished-at="2019-10-09T20:13:36 IST" duration-ms="283" status="PASS">
          <params>
            <param index="0">
              <value>
                <![CDATA[//div[@id='product-reviews-tab']]]>
              </value>
            </param>
            <param index="1">
              <value>
                <![CDATA[//div[@id="average-customer-reviews"]]]>
              </value>
            </param>
          </params>
          <reporter-output>
          </reporter-output>
        </test-method> <!-- contentCorrectness -->
        <test-method signature="customerReview()[pri:2, instance:com.atmecs.konakart.script.ProductValidation@d706f19]" started-at="2019-10-09T20:13:36 IST" name="customerReview" finished-at="2019-10-09T20:13:36 IST" duration-ms="4" status="PASS">
          <reporter-output>
          </reporter-output>
        </test-method> <!-- customerReview -->
        <test-method is-config="true" signature="browserClose()[pri:0, instance:com.atmecs.konakart.script.ProductValidation@d706f19]" started-at="2019-10-09T20:13:36 IST" name="browserClose" finished-at="2019-10-09T20:13:40 IST" duration-ms="4141" status="PASS">
          <reporter-output>
          </reporter-output>
        </test-method> <!-- browserClose -->
      </class> <!-- com.atmecs.konakart.script.ProductValidation -->
    </test> <!-- Default test -->
  </suite> <!-- Default suite -->
</testng-results>
